<?xml version="1.0" encoding="UTF-8"?>
<testsuite name="util.DateUtilTest" tests="3" skipped="0" failures="0" errors="0" timestamp="2021-05-27T20:10:48" hostname="DESKTOP-AQVJT90" time="0.002">
  <properties/>
  <testcase name="checksIfAteAndBiSixthYearWeek()" classname="util.DateUtilTest" time="0.0"/>
  <testcase name="checksIfDateAndWeek()" classname="util.DateUtilTest" time="0.0"/>
  <testcase name="checksIfDateAndWeekend()" classname="util.DateUtilTest" time="0.0"/>
  <system-out><![CDATA[]]></system-out>
  <system-err><![CDATA[]]></system-err>
</testsuite>
