<?xml version="1.0" encoding="UTF-8"?>
<testsuite name="util.DateUtilTest" tests="3" skipped="0" failures="0" errors="0" timestamp="2021-05-27T19:25:53" hostname="DESKTOP-AQVJT90" time="0.004">
  <properties/>
  <testcase name="checksIfAteAndBiSixthYearWeek()" classname="util.DateUtilTest" time="0.001"/>
  <testcase name="checksIfDateAndWeek()" classname="util.DateUtilTest" time="0.001"/>
  <testcase name="checksIfDateAndWeekend()" classname="util.DateUtilTest" time="0.001"/>
  <system-out><![CDATA[]]></system-out>
  <system-err><![CDATA[]]></system-err>
</testsuite>
