<?xml version="1.0" encoding="UTF-8"?>
<testsuite name="service.BookingServiceText" tests="4" skipped="0" failures="0" errors="0" timestamp="2021-05-27T19:20:37" hostname="DESKTOP-AQVJT90" time="0.032">
  <properties/>
  <testcase name="checkBestHotelWithBestValueAndRank()" classname="service.BookingServiceText" time="0.016"/>
  <testcase name="checkVerifyThatTheReservationWasLoadedWithInformationFromTheHotel()" classname="service.BookingServiceText" time="0.001"/>
  <testcase name="checkBestHotelWithValueDuplicateWithBestValueAndRank()" classname="service.BookingServiceText" time="0.002"/>
  <testcase name="checkCorrectScenarioOfTheBestBooking()" classname="service.BookingServiceText" time="0.011"/>
  <system-out><![CDATA[]]></system-out>
  <system-err><![CDATA[]]></system-err>
</testsuite>
