<?xml version="1.0" encoding="UTF-8"?>
<testsuite name="StartupTest" tests="3" skipped="0" failures="0" errors="0" timestamp="2021-05-24T18:40:46" hostname="DESKTOP-AQVJT90" time="0.038">
  <properties/>
  <testcase name="booking1Test()" classname="StartupTest" time="0.034"/>
  <testcase name="booking2Test()" classname="StartupTest" time="0.001"/>
  <testcase name="booking3Test()" classname="StartupTest" time="0.002"/>
  <system-out><![CDATA[]]></system-out>
  <system-err><![CDATA[]]></system-err>
</testsuite>
